Using pre-set license
Built from '2020.3/release' branch; Version is '2020.3.2f1 (8fd9074bf66c) revision 9427207'; Using compiler version '192528614'; Build Type 'Release'
OS: 'Windows 10 Home; OS build 19041.985; Version 2004; 64bit' Language: 'en' Physical Memory: 32718 MB
BatchMode: 1, IsHumanControllingUs: 0, StartBugReporterOnCrash: 0, Is64bit: 1, IsPro: 0

 COMMAND LINE ARGUMENTS:
C:\Program Files\Unity\Hub\Editor\2020.3.2f1\Editor\Unity.exe
-adb2
-batchMode
-noUpm
-name
AssetImportWorker0
-projectPath
C:/Users/backb/OneDrive/Documents/GitHub/Stealthh
-logFile
Logs/AssetImportWorker0.log
-srvPort
59859
Successfully changed project path to: C:/Users/backb/OneDrive/Documents/GitHub/Stealthh
C:/Users/backb/OneDrive/Documents/GitHub/Stealthh
Using Asset Import Pipeline V2.
Refreshing native plugins compatible for Editor in 35.71 ms, found 1 plugins.
Preloading 0 native plugins for Editor in 0.00 ms.
Initialize engine version: 2020.3.2f1 (8fd9074bf66c)
[Subsystems] Discovering subsystems at path C:/Program Files/Unity/Hub/Editor/2020.3.2f1/Editor/Data/Resources/UnitySubsystems
[Subsystems] Discovering subsystems at path C:/Users/backb/OneDrive/Documents/GitHub/Stealthh/Assets
GfxDevice: creating device client; threaded=0
Direct3D:
    Version:  Direct3D 11.0 [level 11.1]
    Renderer: AMD Radeon RX 5600 XT (ID=0x731f)
    Vendor:   
    VRAM:     6104 MB
    Driver:   27.20.12027.1001
Initialize mono
Mono path[0] = 'C:/Program Files/Unity/Hub/Editor/2020.3.2f1/Editor/Data/Managed'
Mono path[1] = 'C:/Program Files/Unity/Hub/Editor/2020.3.2f1/Editor/Data/MonoBleedingEdge/lib/mono/unityjit'
Mono config path = 'C:/Program Files/Unity/Hub/Editor/2020.3.2f1/Editor/Data/MonoBleedingEdge/etc'
Using monoOptions --debugger-agent=transport=dt_socket,embedding=1,server=y,suspend=n,address=127.0.0.1:56320
Begin MonoManager ReloadAssembly
Registering precompiled unity dll's ...
Register platform support module: C:/Program Files/Unity/Hub/Editor/2020.3.2f1/Editor/Data/PlaybackEngines/WindowsStandaloneSupport/UnityEditor.WindowsStandalone.Extensions.dll
Registered in 0.001693 seconds.
Native extension for WindowsStandalone target not found
Refreshing native plugins compatible for Editor in 38.42 ms, found 1 plugins.
Preloading 0 native plugins for Editor in 0.00 ms.
Invoked RoslynAnalysisRunner static constructor.
RoslynAnalysisRunner will not be running.
RoslynAnalysisRunner has terminated.
Mono: successfully reloaded assembly
- Completed reload, in  1.014 seconds
Platform modules already initialized, skipping
Registering precompiled user dll's ...
Registered in 0.000851 seconds.
Begin MonoManager ReloadAssembly
Native extension for WindowsStandalone target not found
Refreshing native plugins compatible for Editor in 37.42 ms, found 1 plugins.
Preloading 0 native plugins for Editor in 0.00 ms.
Invoked RoslynAnalysisRunner static constructor.
RoslynAnalysisRunner will not be running.
RoslynAnalysisRunner has terminated.
Mono: successfully reloaded assembly
- Completed reload, in  0.931 seconds
Platform modules already initialized, skipping
========================================================================
Worker process is ready to serve import requests
Launched and connected shader compiler UnityShaderCompiler.exe after 0.04 seconds
Refreshing native plugins compatible for Editor in 0.37 ms, found 1 plugins.
Preloading 0 native plugins for Editor in 0.00 ms.
Unloading 2217 Unused Serialized files (Serialized files now loaded: 0)
System memory in use before: 102.7 MB.
System memory in use after: 102.7 MB.

Unloading 99 unused Assets to reduce memory usage. Loaded Objects now: 2653.
Total: 2.608500 ms (FindLiveObjects: 0.358400 ms CreateObjectMapping: 0.060800 ms MarkObjects: 1.970800 ms  DeleteObjects: 0.217400 ms)

========================================================================
Received Import Request.
  path: Assets/Prefabs/Walls/Big H.prefab
  artifactKey: Guid(02dc10f3cdabdaf45a2b2c481a9bc245) Importer(815301076,1909f56bfc062723c751e8b465ee728b)
Start importing Assets/Prefabs/Walls/Big H.prefab using Guid(02dc10f3cdabdaf45a2b2c481a9bc245) Importer(815301076,1909f56bfc062723c751e8b465ee728b)  -> (artifact id: 'ef3c22c8819c7183db283c93523e27a6') in 0.085900 seconds
  Import took 0.088918 seconds .

========================================================================
Received Import Request.
  Time since last request: 0.000278 seconds.
  path: Assets/Prefabs/Walls/Small H.prefab
  artifactKey: Guid(5740f720784a257478b72e1b57ae811e) Importer(815301076,1909f56bfc062723c751e8b465ee728b)
Start importing Assets/Prefabs/Walls/Small H.prefab using Guid(5740f720784a257478b72e1b57ae811e) Importer(815301076,1909f56bfc062723c751e8b465ee728b)  -> (artifact id: 'c688f6b4f53410af0ba02435349fd03a') in 0.012107 seconds
  Import took 0.014843 seconds .

========================================================================
Received Import Request.
  Time since last request: 0.000261 seconds.
  path: Assets/Prefabs/Walls/Med V.prefab
  artifactKey: Guid(5238c05e4a573f146a0e6412cea48fb4) Importer(815301076,1909f56bfc062723c751e8b465ee728b)
Start importing Assets/Prefabs/Walls/Med V.prefab using Guid(5238c05e4a573f146a0e6412cea48fb4) Importer(815301076,1909f56bfc062723c751e8b465ee728b)  -> (artifact id: 'f1bf5a296c5fc4068ad885d0c8f09e2b') in 0.007670 seconds
  Import took 0.010454 seconds .

========================================================================
Received Import Request.
  Time since last request: 0.000238 seconds.
  path: Assets/Prefabs/Walls/Big V.prefab
  artifactKey: Guid(00c4c2c4ca1262b449bb9c23c1dd09a3) Importer(815301076,1909f56bfc062723c751e8b465ee728b)
Start importing Assets/Prefabs/Walls/Big V.prefab using Guid(00c4c2c4ca1262b449bb9c23c1dd09a3) Importer(815301076,1909f56bfc062723c751e8b465ee728b)  -> (artifact id: '51533dc250c1f283c36ed5d1f0ce4aea') in 0.007744 seconds
  Import took 0.010567 seconds .

========================================================================
Received Import Request.
  Time since last request: 0.000301 seconds.
  path: Assets/Prefabs/Walls/Med H.prefab
  artifactKey: Guid(8087edf6b0a67284db26d4f80f432f5c) Importer(815301076,1909f56bfc062723c751e8b465ee728b)
Start importing Assets/Prefabs/Walls/Med H.prefab using Guid(8087edf6b0a67284db26d4f80f432f5c) Importer(815301076,1909f56bfc062723c751e8b465ee728b)  -> (artifact id: 'cbacf5b5715f1a938e7fd90ef97e8ffb') in 0.006749 seconds
  Import took 0.010123 seconds .

========================================================================
Received Import Request.
  Time since last request: 0.000244 seconds.
  path: Assets/Prefabs/Walls/Small V.prefab
  artifactKey: Guid(a655253e849f2e64dbcae2a1805dfe51) Importer(815301076,1909f56bfc062723c751e8b465ee728b)
Start importing Assets/Prefabs/Walls/Small V.prefab using Guid(a655253e849f2e64dbcae2a1805dfe51) Importer(815301076,1909f56bfc062723c751e8b465ee728b)  -> (artifact id: '476876ce5347265a07052c02c73ebff8') in 0.006608 seconds
  Import took 0.009267 seconds .

========================================================================
Received Import Request.
  Time since last request: 6.709950 seconds.
  path: Assets/Prefabs/Walls/Small V.prefab
  artifactKey: Guid(a655253e849f2e64dbcae2a1805dfe51) Importer(815301076,1909f56bfc062723c751e8b465ee728b)
Start importing Assets/Prefabs/Walls/Small V.prefab using Guid(a655253e849f2e64dbcae2a1805dfe51) Importer(815301076,1909f56bfc062723c751e8b465ee728b)  -> (artifact id: 'c91df69d938db4bbd1a743fb731e2a66') in 0.006728 seconds
  Import took 0.009691 seconds .

========================================================================
Received Import Request.
  Time since last request: 1.993262 seconds.
  path: Assets/Prefabs/Walls/Small V.prefab
  artifactKey: Guid(a655253e849f2e64dbcae2a1805dfe51) Importer(815301076,1909f56bfc062723c751e8b465ee728b)
Start importing Assets/Prefabs/Walls/Small V.prefab using Guid(a655253e849f2e64dbcae2a1805dfe51) Importer(815301076,1909f56bfc062723c751e8b465ee728b)  -> (artifact id: '09a9b260e50502137c5069b4d096fe56') in 0.006982 seconds
  Import took 0.010029 seconds .

========================================================================
Received Import Request.
  Time since last request: 8.645322 seconds.
  path: Assets/Prefabs/Walls/Big H.prefab
  artifactKey: Guid(02dc10f3cdabdaf45a2b2c481a9bc245) Importer(815301076,1909f56bfc062723c751e8b465ee728b)
Start importing Assets/Prefabs/Walls/Big H.prefab using Guid(02dc10f3cdabdaf45a2b2c481a9bc245) Importer(815301076,1909f56bfc062723c751e8b465ee728b)  -> (artifact id: '1a150614624196895b1b043c98898414') in 0.007803 seconds
  Import took 0.010884 seconds .

========================================================================
Received Import Request.
  Time since last request: 0.000233 seconds.
  path: Assets/Prefabs/Walls/Small H.prefab
  artifactKey: Guid(5740f720784a257478b72e1b57ae811e) Importer(815301076,1909f56bfc062723c751e8b465ee728b)
Start importing Assets/Prefabs/Walls/Small H.prefab using Guid(5740f720784a257478b72e1b57ae811e) Importer(815301076,1909f56bfc062723c751e8b465ee728b)  -> (artifact id: 'd4379799f0336da60efa32662445e7cb') in 0.007172 seconds
  Import took 0.009853 seconds .

========================================================================
Received Import Request.
  Time since last request: 0.000237 seconds.
  path: Assets/Prefabs/Walls/Med V.prefab
  artifactKey: Guid(5238c05e4a573f146a0e6412cea48fb4) Importer(815301076,1909f56bfc062723c751e8b465ee728b)
Start importing Assets/Prefabs/Walls/Med V.prefab using Guid(5238c05e4a573f146a0e6412cea48fb4) Importer(815301076,1909f56bfc062723c751e8b465ee728b)  -> (artifact id: '50c7051360d6ba02c862b924012444e1') in 0.007397 seconds
  Import took 0.010304 seconds .

========================================================================
Received Import Request.
  Time since last request: 0.000334 seconds.
  path: Assets/Prefabs/Walls/Big V.prefab
  artifactKey: Guid(00c4c2c4ca1262b449bb9c23c1dd09a3) Importer(815301076,1909f56bfc062723c751e8b465ee728b)
Start importing Assets/Prefabs/Walls/Big V.prefab using Guid(00c4c2c4ca1262b449bb9c23c1dd09a3) Importer(815301076,1909f56bfc062723c751e8b465ee728b)  -> (artifact id: '32b5d0c5ffce2f51f6ae3dd405c03e22') in 0.007591 seconds
  Import took 0.010937 seconds .

========================================================================
Received Import Request.
  Time since last request: 0.000283 seconds.
  path: Assets/Prefabs/Walls/Med H.prefab
  artifactKey: Guid(8087edf6b0a67284db26d4f80f432f5c) Importer(815301076,1909f56bfc062723c751e8b465ee728b)
Start importing Assets/Prefabs/Walls/Med H.prefab using Guid(8087edf6b0a67284db26d4f80f432f5c) Importer(815301076,1909f56bfc062723c751e8b465ee728b)  -> (artifact id: '196817cd1b5e3c4cb52e0cbd4a2e9d3b') in 0.007651 seconds
  Import took 0.010417 seconds .

========================================================================
Received Import Request.
  Time since last request: 0.000275 seconds.
  path: Assets/Prefabs/Walls/Small V.prefab
  artifactKey: Guid(a655253e849f2e64dbcae2a1805dfe51) Importer(815301076,1909f56bfc062723c751e8b465ee728b)
Start importing Assets/Prefabs/Walls/Small V.prefab using Guid(a655253e849f2e64dbcae2a1805dfe51) Importer(815301076,1909f56bfc062723c751e8b465ee728b)  -> (artifact id: '60867c869772643f3841dd84214efb6d') in 0.006817 seconds
  Import took 0.009598 seconds .

========================================================================
Received Import Request.
  Time since last request: 7.674600 seconds.
  path: Assets/Prefabs/Walls/Med V.prefab
  artifactKey: Guid(5238c05e4a573f146a0e6412cea48fb4) Importer(815301076,1909f56bfc062723c751e8b465ee728b)
Start importing Assets/Prefabs/Walls/Med V.prefab using Guid(5238c05e4a573f146a0e6412cea48fb4) Importer(815301076,1909f56bfc062723c751e8b465ee728b)  -> (artifact id: '1383e557be2eba99cfc654b2c87b08aa') in 0.006789 seconds
  Import took 0.009889 seconds .

========================================================================
Received Import Request.
  Time since last request: 33.351973 seconds.
  path: Assets/Prefabs/Walls/Med V.prefab
  artifactKey: Guid(5238c05e4a573f146a0e6412cea48fb4) Importer(815301076,1909f56bfc062723c751e8b465ee728b)
Start importing Assets/Prefabs/Walls/Med V.prefab using Guid(5238c05e4a573f146a0e6412cea48fb4) Importer(815301076,1909f56bfc062723c751e8b465ee728b)  -> (artifact id: 'aafdd0add6afb77049cd7523da9f6cc0') in 0.009096 seconds
  Import took 0.012233 seconds .

========================================================================
Received Import Request.
  Time since last request: 9.552167 seconds.
  path: Assets/Prefabs/Walls/Med V.prefab
  artifactKey: Guid(5238c05e4a573f146a0e6412cea48fb4) Importer(815301076,1909f56bfc062723c751e8b465ee728b)
Start importing Assets/Prefabs/Walls/Med V.prefab using Guid(5238c05e4a573f146a0e6412cea48fb4) Importer(815301076,1909f56bfc062723c751e8b465ee728b)  -> (artifact id: 'daf2f465d7cbe42622be771a63b31991') in 0.007711 seconds
  Import took 0.011099 seconds .

========================================================================
Received Import Request.
  Time since last request: 0.786895 seconds.
  path: Assets/Prefabs/Walls/Med V.prefab
  artifactKey: Guid(5238c05e4a573f146a0e6412cea48fb4) Importer(815301076,1909f56bfc062723c751e8b465ee728b)
Start importing Assets/Prefabs/Walls/Med V.prefab using Guid(5238c05e4a573f146a0e6412cea48fb4) Importer(815301076,1909f56bfc062723c751e8b465ee728b)  -> (artifact id: '921d4034c66c81de6b87669f1cd33bff') in 0.007409 seconds
  Import took 0.010446 seconds .

========================================================================
Received Import Request.
  Time since last request: 4.950058 seconds.
  path: Assets/Prefabs/Walls/Big V.prefab
  artifactKey: Guid(00c4c2c4ca1262b449bb9c23c1dd09a3) Importer(815301076,1909f56bfc062723c751e8b465ee728b)
Start importing Assets/Prefabs/Walls/Big V.prefab using Guid(00c4c2c4ca1262b449bb9c23c1dd09a3) Importer(815301076,1909f56bfc062723c751e8b465ee728b)  -> (artifact id: '9ab4d92507f97e782b72c3b8b3f42dba') in 0.007854 seconds
  Import took 0.011153 seconds .

========================================================================
Received Import Request.
  Time since last request: 2.221155 seconds.
  path: Assets/Prefabs/Walls/Big V.prefab
  artifactKey: Guid(00c4c2c4ca1262b449bb9c23c1dd09a3) Importer(815301076,1909f56bfc062723c751e8b465ee728b)
Start importing Assets/Prefabs/Walls/Big V.prefab using Guid(00c4c2c4ca1262b449bb9c23c1dd09a3) Importer(815301076,1909f56bfc062723c751e8b465ee728b)  -> (artifact id: '569f650446ef40bcd4ddde9bdd0f90cd') in 0.007580 seconds
  Import took 0.010968 seconds .

========================================================================
Received Import Request.
  Time since last request: 1.194776 seconds.
  path: Assets/Prefabs/Walls/Big V.prefab
  artifactKey: Guid(00c4c2c4ca1262b449bb9c23c1dd09a3) Importer(815301076,1909f56bfc062723c751e8b465ee728b)
Start importing Assets/Prefabs/Walls/Big V.prefab using Guid(00c4c2c4ca1262b449bb9c23c1dd09a3) Importer(815301076,1909f56bfc062723c751e8b465ee728b)  -> (artifact id: 'c81e5e92f2aff761d7df0fb369b4e05c') in 0.007300 seconds
  Import took 0.010317 seconds .

========================================================================
Received Import Request.
  Time since last request: 146.462673 seconds.
  path: Assets/Prefabs/Walls/Big H.prefab
  artifactKey: Guid(02dc10f3cdabdaf45a2b2c481a9bc245) Importer(815301076,1909f56bfc062723c751e8b465ee728b)
Start importing Assets/Prefabs/Walls/Big H.prefab using Guid(02dc10f3cdabdaf45a2b2c481a9bc245) Importer(815301076,1909f56bfc062723c751e8b465ee728b)  -> (artifact id: '00786186a9cd89438dedc9a40ab538d7') in 0.007931 seconds
  Import took 0.011620 seconds .

========================================================================
Received Import Request.
  Time since last request: 0.000261 seconds.
  path: Assets/Prefabs/Walls/Small H.prefab
  artifactKey: Guid(5740f720784a257478b72e1b57ae811e) Importer(815301076,1909f56bfc062723c751e8b465ee728b)
Start importing Assets/Prefabs/Walls/Small H.prefab using Guid(5740f720784a257478b72e1b57ae811e) Importer(815301076,1909f56bfc062723c751e8b465ee728b)  -> (artifact id: 'c348410a8e81ebf47f999a2e5bd46860') in 0.006335 seconds
  Import took 0.009438 seconds .

========================================================================
Received Import Request.
  Time since last request: 0.000193 seconds.
  path: Assets/Prefabs/Walls/Med V.prefab
  artifactKey: Guid(5238c05e4a573f146a0e6412cea48fb4) Importer(815301076,1909f56bfc062723c751e8b465ee728b)
Start importing Assets/Prefabs/Walls/Med V.prefab using Guid(5238c05e4a573f146a0e6412cea48fb4) Importer(815301076,1909f56bfc062723c751e8b465ee728b)  -> (artifact id: '12a04f04ce9031812aa6a2bffa5874bc') in 0.008580 seconds
  Import took 0.011449 seconds .

========================================================================
Received Import Request.
  Time since last request: 0.000243 seconds.
  path: Assets/Prefabs/Walls/Big V.prefab
  artifactKey: Guid(00c4c2c4ca1262b449bb9c23c1dd09a3) Importer(815301076,1909f56bfc062723c751e8b465ee728b)
Start importing Assets/Prefabs/Walls/Big V.prefab using Guid(00c4c2c4ca1262b449bb9c23c1dd09a3) Importer(815301076,1909f56bfc062723c751e8b465ee728b)  -> (artifact id: '732c61bcd54128a92d371ffe1f1653eb') in 0.007275 seconds
  Import took 0.009977 seconds .

========================================================================
Received Import Request.
  Time since last request: 0.000242 seconds.
  path: Assets/Prefabs/Walls/Med H.prefab
  artifactKey: Guid(8087edf6b0a67284db26d4f80f432f5c) Importer(815301076,1909f56bfc062723c751e8b465ee728b)
Start importing Assets/Prefabs/Walls/Med H.prefab using Guid(8087edf6b0a67284db26d4f80f432f5c) Importer(815301076,1909f56bfc062723c751e8b465ee728b)  -> (artifact id: '4d906c9db26b56add8f01f2e31afca5a') in 0.007101 seconds
  Import took 0.010124 seconds .

========================================================================
Received Import Request.
  Time since last request: 0.000208 seconds.
  path: Assets/Prefabs/Walls/Small V.prefab
  artifactKey: Guid(a655253e849f2e64dbcae2a1805dfe51) Importer(815301076,1909f56bfc062723c751e8b465ee728b)
Start importing Assets/Prefabs/Walls/Small V.prefab using Guid(a655253e849f2e64dbcae2a1805dfe51) Importer(815301076,1909f56bfc062723c751e8b465ee728b)  -> (artifact id: '187a389d32e3c20107ba082afeca83a4') in 0.005977 seconds
  Import took 0.008522 seconds .

========================================================================
Received Import Request.
  Time since last request: 14.466732 seconds.
  path: Assets/Prefabs/Border Horizonatal.prefab
  artifactKey: Guid(2b8381cf456fe5c43a758ae244b8d0f0) Importer(815301076,1909f56bfc062723c751e8b465ee728b)
Start importing Assets/Prefabs/Border Horizonatal.prefab using Guid(2b8381cf456fe5c43a758ae244b8d0f0) Importer(815301076,1909f56bfc062723c751e8b465ee728b)  -> (artifact id: 'd41ac2ac919f97988620643fd78730f2') in 0.007132 seconds
  Import took 0.010158 seconds .

========================================================================
Received Import Request.
  Time since last request: 0.000257 seconds.
  path: Assets/Prefabs/Border Vertical.prefab
  artifactKey: Guid(fb9d7e80735430b498a5c59b901cdd9b) Importer(815301076,1909f56bfc062723c751e8b465ee728b)
Start importing Assets/Prefabs/Border Vertical.prefab using Guid(fb9d7e80735430b498a5c59b901cdd9b) Importer(815301076,1909f56bfc062723c751e8b465ee728b)  -> (artifact id: '5847706a3bd869432e3a65b34fd1f247') in 0.006262 seconds
  Import took 0.009101 seconds .

========================================================================
Received Import Request.
  Time since last request: 0.000229 seconds.
  path: Assets/Prefabs/Wall.prefab
  artifactKey: Guid(5a4b772dbd0e8474d84f4572a4286bb5) Importer(815301076,1909f56bfc062723c751e8b465ee728b)
Start importing Assets/Prefabs/Wall.prefab using Guid(5a4b772dbd0e8474d84f4572a4286bb5) Importer(815301076,1909f56bfc062723c751e8b465ee728b)  -> (artifact id: 'a8cb56c839988f7fce7c465431f65eab') in 0.006965 seconds
  Import took 0.009668 seconds .

========================================================================
Received Import Request.
  Time since last request: 3.198972 seconds.
  path: Assets/Prefabs/Walls 1
  artifactKey: Guid(2b5d9ec673434ef4683028152a53e21d) Importer(815301076,1909f56bfc062723c751e8b465ee728b)
Start importing Assets/Prefabs/Walls 1 using Guid(2b5d9ec673434ef4683028152a53e21d) Importer(815301076,1909f56bfc062723c751e8b465ee728b)  -> (artifact id: 'd2c2d8217aee9db37bd0468749e45561') in 0.002658 seconds
  Import took 0.005659 seconds .

========================================================================
Received Import Request.
  Time since last request: 0.685254 seconds.
  path: Assets/Prefabs/Walls 1/Big H.prefab
  artifactKey: Guid(52be3a5a457f8da42b3785d40b7b4de4) Importer(815301076,1909f56bfc062723c751e8b465ee728b)
Start importing Assets/Prefabs/Walls 1/Big H.prefab using Guid(52be3a5a457f8da42b3785d40b7b4de4) Importer(815301076,1909f56bfc062723c751e8b465ee728b)  -> (artifact id: '0d9549673ad33f672009222e45cf45ad') in 0.007076 seconds
  Import took 0.010075 seconds .

========================================================================
Received Import Request.
  Time since last request: 0.000255 seconds.
  path: Assets/Prefabs/Walls 1/Small V.prefab
  artifactKey: Guid(e85dceb83e1d4de4a81d68e3fd926fe8) Importer(815301076,1909f56bfc062723c751e8b465ee728b)
Start importing Assets/Prefabs/Walls 1/Small V.prefab using Guid(e85dceb83e1d4de4a81d68e3fd926fe8) Importer(815301076,1909f56bfc062723c751e8b465ee728b)  -> (artifact id: '9f1adbb905fa345acfe4778fc907427b') in 0.006195 seconds
  Import took 0.009014 seconds .

========================================================================
Received Import Request.
  Time since last request: 0.000252 seconds.
  path: Assets/Prefabs/Walls 1/Med V.prefab
  artifactKey: Guid(b5ddb9a8cd9a1774fac81a1bf42c4035) Importer(815301076,1909f56bfc062723c751e8b465ee728b)
Start importing Assets/Prefabs/Walls 1/Med V.prefab using Guid(b5ddb9a8cd9a1774fac81a1bf42c4035) Importer(815301076,1909f56bfc062723c751e8b465ee728b)  -> (artifact id: '2f5236d48bd6ce14c2d46221b4749695') in 0.008990 seconds
  Import took 0.011997 seconds .

========================================================================
Received Import Request.
  Time since last request: 0.000257 seconds.
  path: Assets/Prefabs/Walls 1/Med H.prefab
  artifactKey: Guid(76d1dcb9642c30b4ca15ca1eb4723df8) Importer(815301076,1909f56bfc062723c751e8b465ee728b)
Start importing Assets/Prefabs/Walls 1/Med H.prefab using Guid(76d1dcb9642c30b4ca15ca1eb4723df8) Importer(815301076,1909f56bfc062723c751e8b465ee728b)  -> (artifact id: '23c45cebf0826890485f0a28eb6d82c7') in 0.006769 seconds
  Import took 0.009777 seconds .

========================================================================
Received Import Request.
  Time since last request: 0.000210 seconds.
  path: Assets/Prefabs/Walls 1/Small H.prefab
  artifactKey: Guid(766b3fe4a068d794d8527089911e1062) Importer(815301076,1909f56bfc062723c751e8b465ee728b)
Start importing Assets/Prefabs/Walls 1/Small H.prefab using Guid(766b3fe4a068d794d8527089911e1062) Importer(815301076,1909f56bfc062723c751e8b465ee728b)  -> (artifact id: '344feb776ed359f05b6357c1abc92b96') in 0.006826 seconds
  Import took 0.010009 seconds .

========================================================================
Received Import Request.
  Time since last request: 0.000267 seconds.
  path: Assets/Prefabs/Walls 1/Big V.prefab
  artifactKey: Guid(ee1af1b4f8926b9439e68f46bc7d5986) Importer(815301076,1909f56bfc062723c751e8b465ee728b)
Start importing Assets/Prefabs/Walls 1/Big V.prefab using Guid(ee1af1b4f8926b9439e68f46bc7d5986) Importer(815301076,1909f56bfc062723c751e8b465ee728b)  -> (artifact id: 'c5fa0aa90fc788b8cb406503078f2d09') in 0.007545 seconds
  Import took 0.010591 seconds .

========================================================================
Received Import Request.
  Time since last request: 0.000233 seconds.
  path: Assets/Prefabs/Walls 1/Med H.prefab
  artifactKey: Guid(76d1dcb9642c30b4ca15ca1eb4723df8) Importer(815301076,1909f56bfc062723c751e8b465ee728b)
Start importing Assets/Prefabs/Walls 1/Med H.prefab using Guid(76d1dcb9642c30b4ca15ca1eb4723df8) Importer(815301076,1909f56bfc062723c751e8b465ee728b)  -> (artifact id: '23c45cebf0826890485f0a28eb6d82c7') in 0.006841 seconds
  Import took 0.009492 seconds .

========================================================================
Received Import Request.
  Time since last request: 7.741944 seconds.
  path: Assets/Prefabs/Walls 1/Small V.prefab
  artifactKey: Guid(e85dceb83e1d4de4a81d68e3fd926fe8) Importer(815301076,1909f56bfc062723c751e8b465ee728b)
Start importing Assets/Prefabs/Walls 1/Small V.prefab using Guid(e85dceb83e1d4de4a81d68e3fd926fe8) Importer(815301076,1909f56bfc062723c751e8b465ee728b)  -> (artifact id: '3513ffdb2204822ff3323955363acf3f') in 0.006731 seconds
  Import took 0.009822 seconds .

========================================================================
Received Import Request.
  Time since last request: 0.013763 seconds.
  path: Assets/Prefabs/Walls 1/Small V.prefab
  artifactKey: Guid(e85dceb83e1d4de4a81d68e3fd926fe8) Importer(815301076,1909f56bfc062723c751e8b465ee728b)
Start importing Assets/Prefabs/Walls 1/Small V.prefab using Guid(e85dceb83e1d4de4a81d68e3fd926fe8) Importer(815301076,1909f56bfc062723c751e8b465ee728b)  -> (artifact id: '3513ffdb2204822ff3323955363acf3f') in 0.006320 seconds
  Import took 0.009269 seconds .

========================================================================
Received Import Request.
  Time since last request: 0.364812 seconds.
  path: Assets/Prefabs/Walls 1/Small V.prefab
  artifactKey: Guid(e85dceb83e1d4de4a81d68e3fd926fe8) Importer(815301076,1909f56bfc062723c751e8b465ee728b)
Start importing Assets/Prefabs/Walls 1/Small V.prefab using Guid(e85dceb83e1d4de4a81d68e3fd926fe8) Importer(815301076,1909f56bfc062723c751e8b465ee728b)  -> (artifact id: 'b82a90773e62233cbcbbbfa3ebffd582') in 0.006753 seconds
  Import took 0.009758 seconds .

========================================================================
Received Import Request.
  Time since last request: 0.790688 seconds.
  path: Assets/Prefabs/Walls 1/Small V.prefab
  artifactKey: Guid(e85dceb83e1d4de4a81d68e3fd926fe8) Importer(815301076,1909f56bfc062723c751e8b465ee728b)
Start importing Assets/Prefabs/Walls 1/Small V.prefab using Guid(e85dceb83e1d4de4a81d68e3fd926fe8) Importer(815301076,1909f56bfc062723c751e8b465ee728b)  -> (artifact id: 'c4b46413504658799deb9b017cafb13c') in 0.006599 seconds
  Import took 0.010084 seconds .

========================================================================
Received Import Request.
  Time since last request: 7.224586 seconds.
  path: Assets/Prefabs/Walls 1/Med V.prefab
  artifactKey: Guid(b5ddb9a8cd9a1774fac81a1bf42c4035) Importer(815301076,1909f56bfc062723c751e8b465ee728b)
Start importing Assets/Prefabs/Walls 1/Med V.prefab using Guid(b5ddb9a8cd9a1774fac81a1bf42c4035) Importer(815301076,1909f56bfc062723c751e8b465ee728b)  -> (artifact id: '14a82c1425bbf8b3462bc77fbbabedeb') in 0.008063 seconds
  Import took 0.011619 seconds .

========================================================================
Received Import Request.
  Time since last request: 0.793573 seconds.
  path: Assets/Prefabs/Walls 1/Med V.prefab
  artifactKey: Guid(b5ddb9a8cd9a1774fac81a1bf42c4035) Importer(815301076,1909f56bfc062723c751e8b465ee728b)
Start importing Assets/Prefabs/Walls 1/Med V.prefab using Guid(b5ddb9a8cd9a1774fac81a1bf42c4035) Importer(815301076,1909f56bfc062723c751e8b465ee728b)  -> (artifact id: 'ba93d57a3ebb888cde91837e0e23e5c9') in 0.007851 seconds
  Import took 0.010911 seconds .

========================================================================
Received Import Request.
  Time since last request: 4.173385 seconds.
  path: Assets/Prefabs/Walls 1/Big V.prefab
  artifactKey: Guid(ee1af1b4f8926b9439e68f46bc7d5986) Importer(815301076,1909f56bfc062723c751e8b465ee728b)
Start importing Assets/Prefabs/Walls 1/Big V.prefab using Guid(ee1af1b4f8926b9439e68f46bc7d5986) Importer(815301076,1909f56bfc062723c751e8b465ee728b)  -> (artifact id: '13a3156f97e70ef9ad1b134a3ae5b767') in 0.007120 seconds
  Import took 0.010299 seconds .

========================================================================
Received Import Request.
  Time since last request: 2.603299 seconds.
  path: Assets/Prefabs/Walls 1/Big V.prefab
  artifactKey: Guid(ee1af1b4f8926b9439e68f46bc7d5986) Importer(815301076,1909f56bfc062723c751e8b465ee728b)
Start importing Assets/Prefabs/Walls 1/Big V.prefab using Guid(ee1af1b4f8926b9439e68f46bc7d5986) Importer(815301076,1909f56bfc062723c751e8b465ee728b)  -> (artifact id: '5506553de61482a1fba6558998b85892') in 0.007601 seconds
  Import took 0.010807 seconds .

========================================================================
Received Import Request.
  Time since last request: 1.799683 seconds.
  path: Assets/Prefabs/Walls 1/Big V.prefab
  artifactKey: Guid(ee1af1b4f8926b9439e68f46bc7d5986) Importer(815301076,1909f56bfc062723c751e8b465ee728b)
Start importing Assets/Prefabs/Walls 1/Big V.prefab using Guid(ee1af1b4f8926b9439e68f46bc7d5986) Importer(815301076,1909f56bfc062723c751e8b465ee728b)  -> (artifact id: 'faca9e4b88fbbea1786ab11cfc1855b3') in 0.007389 seconds
  Import took 0.010467 seconds .

========================================================================
Received Prepare
Registering precompiled user dll's ...
Registered in 0.000952 seconds.
Begin MonoManager ReloadAssembly
Native extension for WindowsStandalone target not found
Refreshing native plugins compatible for Editor in 0.37 ms, found 1 plugins.
Preloading 0 native plugins for Editor in 0.00 ms.
Warning: Annotation not found!
UnityEngine.StackTraceUtility:ExtractStackTrace ()
UnityEditor.ProBuilder.EditorUtility:SetGizmoIconEnabled (System.Type,bool) (at Library/PackageCache/com.unity.probuilder@4.5.0/Editor/EditorCore/EditorUtility.cs:593)
UnityEditor.ProBuilder.HierarchyListener:.cctor () (at Library/PackageCache/com.unity.probuilder@4.5.0/Editor/EditorCore/HierarchyListener.cs:21)
System.Runtime.CompilerServices.RuntimeHelpers:RunClassConstructor (System.RuntimeTypeHandle)
UnityEditor.EditorAssemblies:ProcessInitializeOnLoadAttributes (System.Type[])

[Library/PackageCache/com.unity.probuilder@4.5.0/Editor/EditorCore/EditorUtility.cs line 593]

Invoked RoslynAnalysisRunner static constructor.
RoslynAnalysisRunner will not be running.
RoslynAnalysisRunner has terminated.
Mono: successfully reloaded assembly
- Completed reload, in  0.804 seconds
Platform modules already initialized, skipping
Refreshing native plugins compatible for Editor in 0.39 ms, found 1 plugins.
Preloading 0 native plugins for Editor in 0.00 ms.
Unloading 2179 Unused Serialized files (Serialized files now loaded: 0)
System memory in use before: 102.6 MB.
System memory in use after: 102.5 MB.

Unloading 13 unused Assets to reduce memory usage. Loaded Objects now: 2665.
Total: 2.279500 ms (FindLiveObjects: 0.206300 ms CreateObjectMapping: 0.059500 ms MarkObjects: 1.899200 ms  DeleteObjects: 0.113800 ms)

========================================================================
Received Prepare
Registering precompiled user dll's ...
Registered in 0.000944 seconds.
Begin MonoManager ReloadAssembly
Native extension for WindowsStandalone target not found
Refreshing native plugins compatible for Editor in 0.38 ms, found 1 plugins.
Preloading 0 native plugins for Editor in 0.00 ms.
Warning: Annotation not found!
UnityEngine.StackTraceUtility:ExtractStackTrace ()
UnityEditor.ProBuilder.EditorUtility:SetGizmoIconEnabled (System.Type,bool) (at Library/PackageCache/com.unity.probuilder@4.5.0/Editor/EditorCore/EditorUtility.cs:593)
UnityEditor.ProBuilder.HierarchyListener:.cctor () (at Library/PackageCache/com.unity.probuilder@4.5.0/Editor/EditorCore/HierarchyListener.cs:21)
System.Runtime.CompilerServices.RuntimeHelpers:RunClassConstructor (System.RuntimeTypeHandle)
UnityEditor.EditorAssemblies:ProcessInitializeOnLoadAttributes (System.Type[])

[Library/PackageCache/com.unity.probuilder@4.5.0/Editor/EditorCore/EditorUtility.cs line 593]

Invoked RoslynAnalysisRunner static constructor.
RoslynAnalysisRunner will not be running.
RoslynAnalysisRunner has terminated.
Mono: successfully reloaded assembly
- Completed reload, in  0.775 seconds
Platform modules already initialized, skipping
Refreshing native plugins compatible for Editor in 0.37 ms, found 1 plugins.
Preloading 0 native plugins for Editor in 0.00 ms.
Unloading 2179 Unused Serialized files (Serialized files now loaded: 0)
System memory in use before: 102.6 MB.
System memory in use after: 102.6 MB.

Unloading 13 unused Assets to reduce memory usage. Loaded Objects now: 2669.
Total: 2.021900 ms (FindLiveObjects: 0.204000 ms CreateObjectMapping: 0.055800 ms MarkObjects: 1.658400 ms  DeleteObjects: 0.102900 ms)

========================================================================
Received Prepare
Registering precompiled user dll's ...
Registered in 0.000951 seconds.
Begin MonoManager ReloadAssembly
Native extension for WindowsStandalone target not found
Refreshing native plugins compatible for Editor in 0.40 ms, found 1 plugins.
Preloading 0 native plugins for Editor in 0.00 ms.
Warning: Annotation not found!
UnityEngine.StackTraceUtility:ExtractStackTrace ()
UnityEditor.ProBuilder.EditorUtility:SetGizmoIconEnabled (System.Type,bool) (at Library/PackageCache/com.unity.probuilder@4.5.0/Editor/EditorCore/EditorUtility.cs:593)
UnityEditor.ProBuilder.HierarchyListener:.cctor () (at Library/PackageCache/com.unity.probuilder@4.5.0/Editor/EditorCore/HierarchyListener.cs:21)
System.Runtime.CompilerServices.RuntimeHelpers:RunClassConstructor (System.RuntimeTypeHandle)
UnityEditor.EditorAssemblies:ProcessInitializeOnLoadAttributes (System.Type[])

[Library/PackageCache/com.unity.probuilder@4.5.0/Editor/EditorCore/EditorUtility.cs line 593]

Invoked RoslynAnalysisRunner static constructor.
RoslynAnalysisRunner will not be running.
RoslynAnalysisRunner has terminated.
Mono: successfully reloaded assembly
- Completed reload, in  0.769 seconds
Platform modules already initialized, skipping
Refreshing native plugins compatible for Editor in 0.57 ms, found 1 plugins.
Preloading 0 native plugins for Editor in 0.00 ms.
Unloading 2179 Unused Serialized files (Serialized files now loaded: 0)
System memory in use before: 102.7 MB.
System memory in use after: 102.6 MB.

Unloading 13 unused Assets to reduce memory usage. Loaded Objects now: 2673.
Total: 2.312100 ms (FindLiveObjects: 0.242100 ms CreateObjectMapping: 0.048200 ms MarkObjects: 1.886500 ms  DeleteObjects: 0.134100 ms)

========================================================================
Received Prepare
Registering precompiled user dll's ...
Registered in 0.000960 seconds.
Begin MonoManager ReloadAssembly
Native extension for WindowsStandalone target not found
Refreshing native plugins compatible for Editor in 0.38 ms, found 1 plugins.
Preloading 0 native plugins for Editor in 0.00 ms.
Warning: Annotation not found!
UnityEngine.StackTraceUtility:ExtractStackTrace ()
UnityEditor.ProBuilder.EditorUtility:SetGizmoIconEnabled (System.Type,bool) (at Library/PackageCache/com.unity.probuilder@4.5.0/Editor/EditorCore/EditorUtility.cs:593)
UnityEditor.ProBuilder.HierarchyListener:.cctor () (at Library/PackageCache/com.unity.probuilder@4.5.0/Editor/EditorCore/HierarchyListener.cs:21)
System.Runtime.CompilerServices.RuntimeHelpers:RunClassConstructor (System.RuntimeTypeHandle)
UnityEditor.EditorAssemblies:ProcessInitializeOnLoadAttributes (System.Type[])

[Library/PackageCache/com.unity.probuilder@4.5.0/Editor/EditorCore/EditorUtility.cs line 593]

Invoked RoslynAnalysisRunner static constructor.
RoslynAnalysisRunner will not be running.
RoslynAnalysisRunner has terminated.
Mono: successfully reloaded assembly
- Completed reload, in  0.766 seconds
Platform modules already initialized, skipping
Refreshing native plugins compatible for Editor in 0.37 ms, found 1 plugins.
Preloading 0 native plugins for Editor in 0.00 ms.
Unloading 2179 Unused Serialized files (Serialized files now loaded: 0)
System memory in use before: 102.7 MB.
System memory in use after: 102.6 MB.

Unloading 13 unused Assets to reduce memory usage. Loaded Objects now: 2677.
Total: 2.121500 ms (FindLiveObjects: 0.201200 ms CreateObjectMapping: 0.054700 ms MarkObjects: 1.758200 ms  DeleteObjects: 0.106600 ms)

========================================================================
Received Prepare
Registering precompiled user dll's ...
Registered in 0.000951 seconds.
Begin MonoManager ReloadAssembly
Native extension for WindowsStandalone target not found
Refreshing native plugins compatible for Editor in 0.37 ms, found 1 plugins.
Preloading 0 native plugins for Editor in 0.00 ms.
Warning: Annotation not found!
UnityEngine.StackTraceUtility:ExtractStackTrace ()
UnityEditor.ProBuilder.EditorUtility:SetGizmoIconEnabled (System.Type,bool) (at Library/PackageCache/com.unity.probuilder@4.5.0/Editor/EditorCore/EditorUtility.cs:593)
UnityEditor.ProBuilder.HierarchyListener:.cctor () (at Library/PackageCache/com.unity.probuilder@4.5.0/Editor/EditorCore/HierarchyListener.cs:21)
System.Runtime.CompilerServices.RuntimeHelpers:RunClassConstructor (System.RuntimeTypeHandle)
UnityEditor.EditorAssemblies:ProcessInitializeOnLoadAttributes (System.Type[])

[Library/PackageCache/com.unity.probuilder@4.5.0/Editor/EditorCore/EditorUtility.cs line 593]

Invoked RoslynAnalysisRunner static constructor.
RoslynAnalysisRunner will not be running.
RoslynAnalysisRunner has terminated.
Mono: successfully reloaded assembly
- Completed reload, in  0.767 seconds
Platform modules already initialized, skipping
Refreshing native plugins compatible for Editor in 0.39 ms, found 1 plugins.
Preloading 0 native plugins for Editor in 0.00 ms.
Unloading 2179 Unused Serialized files (Serialized files now loaded: 0)
System memory in use before: 102.7 MB.
System memory in use after: 102.6 MB.

Unloading 13 unused Assets to reduce memory usage. Loaded Objects now: 2681.
Total: 2.421500 ms (FindLiveObjects: 0.320200 ms CreateObjectMapping: 0.053500 ms MarkObjects: 1.885800 ms  DeleteObjects: 0.160800 ms)

========================================================================
Received Prepare
Registering precompiled user dll's ...
Registered in 0.001000 seconds.
Begin MonoManager ReloadAssembly
Native extension for WindowsStandalone target not found
Refreshing native plugins compatible for Editor in 0.38 ms, found 1 plugins.
Preloading 0 native plugins for Editor in 0.00 ms.
Warning: Annotation not found!
UnityEngine.StackTraceUtility:ExtractStackTrace ()
UnityEditor.ProBuilder.EditorUtility:SetGizmoIconEnabled (System.Type,bool) (at Library/PackageCache/com.unity.probuilder@4.5.0/Editor/EditorCore/EditorUtility.cs:593)
UnityEditor.ProBuilder.HierarchyListener:.cctor () (at Library/PackageCache/com.unity.probuilder@4.5.0/Editor/EditorCore/HierarchyListener.cs:21)
System.Runtime.CompilerServices.RuntimeHelpers:RunClassConstructor (System.RuntimeTypeHandle)
UnityEditor.EditorAssemblies:ProcessInitializeOnLoadAttributes (System.Type[])

[Library/PackageCache/com.unity.probuilder@4.5.0/Editor/EditorCore/EditorUtility.cs line 593]

Invoked RoslynAnalysisRunner static constructor.
RoslynAnalysisRunner will not be running.
RoslynAnalysisRunner has terminated.
Mono: successfully reloaded assembly
- Completed reload, in  0.775 seconds
Platform modules already initialized, skipping
Refreshing native plugins compatible for Editor in 0.37 ms, found 1 plugins.
Preloading 0 native plugins for Editor in 0.00 ms.
Unloading 2179 Unused Serialized files (Serialized files now loaded: 0)
System memory in use before: 102.7 MB.
System memory in use after: 102.6 MB.

Unloading 13 unused Assets to reduce memory usage. Loaded Objects now: 2685.
Total: 2.172700 ms (FindLiveObjects: 0.196300 ms CreateObjectMapping: 0.047800 ms MarkObjects: 1.810500 ms  DeleteObjects: 0.117400 ms)

========================================================================
Received Prepare
Registering precompiled user dll's ...
Registered in 0.000858 seconds.
Begin MonoManager ReloadAssembly
Native extension for WindowsStandalone target not found
Refreshing native plugins compatible for Editor in 0.38 ms, found 1 plugins.
Preloading 0 native plugins for Editor in 0.00 ms.
Warning: Annotation not found!
UnityEngine.StackTraceUtility:ExtractStackTrace ()
UnityEditor.ProBuilder.EditorUtility:SetGizmoIconEnabled (System.Type,bool) (at Library/PackageCache/com.unity.probuilder@4.5.0/Editor/EditorCore/EditorUtility.cs:593)
UnityEditor.ProBuilder.HierarchyListener:.cctor () (at Library/PackageCache/com.unity.probuilder@4.5.0/Editor/EditorCore/HierarchyListener.cs:21)
System.Runtime.CompilerServices.RuntimeHelpers:RunClassConstructor (System.RuntimeTypeHandle)
UnityEditor.EditorAssemblies:ProcessInitializeOnLoadAttributes (System.Type[])

[Library/PackageCache/com.unity.probuilder@4.5.0/Editor/EditorCore/EditorUtility.cs line 593]

Invoked RoslynAnalysisRunner static constructor.
RoslynAnalysisRunner will not be running.
RoslynAnalysisRunner has terminated.
Mono: successfully reloaded assembly
- Completed reload, in  0.790 seconds
Platform modules already initialized, skipping
Refreshing native plugins compatible for Editor in 0.41 ms, found 1 plugins.
Preloading 0 native plugins for Editor in 0.00 ms.
Unloading 2179 Unused Serialized files (Serialized files now loaded: 0)
System memory in use before: 102.7 MB.
System memory in use after: 102.7 MB.

Unloading 13 unused Assets to reduce memory usage. Loaded Objects now: 2689.
Total: 2.477200 ms (FindLiveObjects: 0.226200 ms CreateObjectMapping: 0.051600 ms MarkObjects: 2.075400 ms  DeleteObjects: 0.122500 ms)

========================================================================
Received Prepare
Registering precompiled user dll's ...
Registered in 0.000950 seconds.
Begin MonoManager ReloadAssembly
Native extension for WindowsStandalone target not found
Refreshing native plugins compatible for Editor in 0.41 ms, found 1 plugins.
Preloading 0 native plugins for Editor in 0.00 ms.
Warning: Annotation not found!
UnityEngine.StackTraceUtility:ExtractStackTrace ()
UnityEditor.ProBuilder.EditorUtility:SetGizmoIconEnabled (System.Type,bool) (at Library/PackageCache/com.unity.probuilder@4.5.0/Editor/EditorCore/EditorUtility.cs:593)
UnityEditor.ProBuilder.HierarchyListener:.cctor () (at Library/PackageCache/com.unity.probuilder@4.5.0/Editor/EditorCore/HierarchyListener.cs:21)
System.Runtime.CompilerServices.RuntimeHelpers:RunClassConstructor (System.RuntimeTypeHandle)
UnityEditor.EditorAssemblies:ProcessInitializeOnLoadAttributes (System.Type[])

[Library/PackageCache/com.unity.probuilder@4.5.0/Editor/EditorCore/EditorUtility.cs line 593]

Invoked RoslynAnalysisRunner static constructor.
RoslynAnalysisRunner will not be running.
RoslynAnalysisRunner has terminated.
Mono: successfully reloaded assembly
- Completed reload, in  0.782 seconds
Platform modules already initialized, skipping
Refreshing native plugins compatible for Editor in 0.37 ms, found 1 plugins.
Preloading 0 native plugins for Editor in 0.00 ms.
Unloading 2179 Unused Serialized files (Serialized files now loaded: 0)
System memory in use before: 102.7 MB.
System memory in use after: 102.6 MB.

Unloading 13 unused Assets to reduce memory usage. Loaded Objects now: 2693.
Total: 2.129700 ms (FindLiveObjects: 0.239900 ms CreateObjectMapping: 0.057600 ms MarkObjects: 1.712400 ms  DeleteObjects: 0.118800 ms)

========================================================================
Received Prepare
Registering precompiled user dll's ...
Registered in 0.000902 seconds.
Begin MonoManager ReloadAssembly
Native extension for WindowsStandalone target not found
Refreshing native plugins compatible for Editor in 0.37 ms, found 1 plugins.
Preloading 0 native plugins for Editor in 0.00 ms.
Warning: Annotation not found!
UnityEngine.StackTraceUtility:ExtractStackTrace ()
UnityEditor.ProBuilder.EditorUtility:SetGizmoIconEnabled (System.Type,bool) (at Library/PackageCache/com.unity.probuilder@4.5.0/Editor/EditorCore/EditorUtility.cs:593)
UnityEditor.ProBuilder.HierarchyListener:.cctor () (at Library/PackageCache/com.unity.probuilder@4.5.0/Editor/EditorCore/HierarchyListener.cs:21)
System.Runtime.CompilerServices.RuntimeHelpers:RunClassConstructor (System.RuntimeTypeHandle)
UnityEditor.EditorAssemblies:ProcessInitializeOnLoadAttributes (System.Type[])

[Library/PackageCache/com.unity.probuilder@4.5.0/Editor/EditorCore/EditorUtility.cs line 593]

Invoked RoslynAnalysisRunner static constructor.
RoslynAnalysisRunner will not be running.
RoslynAnalysisRunner has terminated.
Mono: successfully reloaded assembly
- Completed reload, in  0.773 seconds
Platform modules already initialized, skipping
Refreshing native plugins compatible for Editor in 0.39 ms, found 1 plugins.
Preloading 0 native plugins for Editor in 0.00 ms.
Unloading 2179 Unused Serialized files (Serialized files now loaded: 0)
System memory in use before: 102.7 MB.
System memory in use after: 102.6 MB.

Unloading 13 unused Assets to reduce memory usage. Loaded Objects now: 2697.
Total: 2.164700 ms (FindLiveObjects: 0.195100 ms CreateObjectMapping: 0.050200 ms MarkObjects: 1.805200 ms  DeleteObjects: 0.113200 ms)

========================================================================
Received Prepare
Registering precompiled user dll's ...
Registered in 0.000973 seconds.
Begin MonoManager ReloadAssembly
Native extension for WindowsStandalone target not found
Refreshing native plugins compatible for Editor in 0.40 ms, found 1 plugins.
Preloading 0 native plugins for Editor in 0.00 ms.
Warning: Annotation not found!
UnityEngine.StackTraceUtility:ExtractStackTrace ()
UnityEditor.ProBuilder.EditorUtility:SetGizmoIconEnabled (System.Type,bool) (at Library/PackageCache/com.unity.probuilder@4.5.0/Editor/EditorCore/EditorUtility.cs:593)
UnityEditor.ProBuilder.HierarchyListener:.cctor () (at Library/PackageCache/com.unity.probuilder@4.5.0/Editor/EditorCore/HierarchyListener.cs:21)
System.Runtime.CompilerServices.RuntimeHelpers:RunClassConstructor (System.RuntimeTypeHandle)
UnityEditor.EditorAssemblies:ProcessInitializeOnLoadAttributes (System.Type[])

[Library/PackageCache/com.unity.probuilder@4.5.0/Editor/EditorCore/EditorUtility.cs line 593]

Invoked RoslynAnalysisRunner static constructor.
RoslynAnalysisRunner will not be running.
RoslynAnalysisRunner has terminated.
Mono: successfully reloaded assembly
- Completed reload, in  0.764 seconds
Platform modules already initialized, skipping
Refreshing native plugins compatible for Editor in 0.37 ms, found 1 plugins.
Preloading 0 native plugins for Editor in 0.00 ms.
Unloading 2179 Unused Serialized files (Serialized files now loaded: 0)
System memory in use before: 102.7 MB.
System memory in use after: 102.6 MB.

Unloading 13 unused Assets to reduce memory usage. Loaded Objects now: 2701.
Total: 2.132600 ms (FindLiveObjects: 0.201000 ms CreateObjectMapping: 0.051200 ms MarkObjects: 1.766700 ms  DeleteObjects: 0.112900 ms)

========================================================================
Received Prepare
Registering precompiled user dll's ...
Registered in 0.000913 seconds.
Begin MonoManager ReloadAssembly
Native extension for WindowsStandalone target not found
Refreshing native plugins compatible for Editor in 0.39 ms, found 1 plugins.
Preloading 0 native plugins for Editor in 0.00 ms.
Warning: Annotation not found!
UnityEngine.StackTraceUtility:ExtractStackTrace ()
UnityEditor.ProBuilder.EditorUtility:SetGizmoIconEnabled (System.Type,bool) (at Library/PackageCache/com.unity.probuilder@4.5.0/Editor/EditorCore/EditorUtility.cs:593)
UnityEditor.ProBuilder.HierarchyListener:.cctor () (at Library/PackageCache/com.unity.probuilder@4.5.0/Editor/EditorCore/HierarchyListener.cs:21)
System.Runtime.CompilerServices.RuntimeHelpers:RunClassConstructor (System.RuntimeTypeHandle)
UnityEditor.EditorAssemblies:ProcessInitializeOnLoadAttributes (System.Type[])

[Library/PackageCache/com.unity.probuilder@4.5.0/Editor/EditorCore/EditorUtility.cs line 593]

Invoked RoslynAnalysisRunner static constructor.
RoslynAnalysisRunner will not be running.
RoslynAnalysisRunner has terminated.
Mono: successfully reloaded assembly
- Completed reload, in  0.766 seconds
Platform modules already initialized, skipping
Refreshing native plugins compatible for Editor in 0.37 ms, found 1 plugins.
Preloading 0 native plugins for Editor in 0.00 ms.
Unloading 2179 Unused Serialized files (Serialized files now loaded: 0)
System memory in use before: 102.7 MB.
System memory in use after: 102.6 MB.

Unloading 13 unused Assets to reduce memory usage. Loaded Objects now: 2705.
Total: 2.150700 ms (FindLiveObjects: 0.227200 ms CreateObjectMapping: 0.056900 ms MarkObjects: 1.750500 ms  DeleteObjects: 0.115200 ms)

========================================================================
Received Prepare
Registering precompiled user dll's ...
Registered in 0.001103 seconds.
Begin MonoManager ReloadAssembly
Native extension for WindowsStandalone target not found
Refreshing native plugins compatible for Editor in 0.38 ms, found 1 plugins.
Preloading 0 native plugins for Editor in 0.00 ms.
Warning: Annotation not found!
UnityEngine.StackTraceUtility:ExtractStackTrace ()
UnityEditor.ProBuilder.EditorUtility:SetGizmoIconEnabled (System.Type,bool) (at Library/PackageCache/com.unity.probuilder@4.5.0/Editor/EditorCore/EditorUtility.cs:593)
UnityEditor.ProBuilder.HierarchyListener:.cctor () (at Library/PackageCache/com.unity.probuilder@4.5.0/Editor/EditorCore/HierarchyListener.cs:21)
System.Runtime.CompilerServices.RuntimeHelpers:RunClassConstructor (System.RuntimeTypeHandle)
UnityEditor.EditorAssemblies:ProcessInitializeOnLoadAttributes (System.Type[])

[Library/PackageCache/com.unity.probuilder@4.5.0/Editor/EditorCore/EditorUtility.cs line 593]

Invoked RoslynAnalysisRunner static constructor.
RoslynAnalysisRunner will not be running.
RoslynAnalysisRunner has terminated.
Mono: successfully reloaded assembly
- Completed reload, in  0.786 seconds
Platform modules already initialized, skipping
Refreshing native plugins compatible for Editor in 0.41 ms, found 1 plugins.
Preloading 0 native plugins for Editor in 0.00 ms.
Unloading 2179 Unused Serialized files (Serialized files now loaded: 0)
System memory in use before: 102.7 MB.
System memory in use after: 102.7 MB.

Unloading 13 unused Assets to reduce memory usage. Loaded Objects now: 2709.
Total: 2.120900 ms (FindLiveObjects: 0.204800 ms CreateObjectMapping: 0.044900 ms MarkObjects: 1.754200 ms  DeleteObjects: 0.116300 ms)

========================================================================
Received Prepare
Registering precompiled user dll's ...
Registered in 0.000968 seconds.
Begin MonoManager ReloadAssembly
Native extension for WindowsStandalone target not found
Refreshing native plugins compatible for Editor in 0.39 ms, found 1 plugins.
Preloading 0 native plugins for Editor in 0.00 ms.
Warning: Annotation not found!
UnityEngine.StackTraceUtility:ExtractStackTrace ()
UnityEditor.ProBuilder.EditorUtility:SetGizmoIconEnabled (System.Type,bool) (at Library/PackageCache/com.unity.probuilder@4.5.0/Editor/EditorCore/EditorUtility.cs:593)
UnityEditor.ProBuilder.HierarchyListener:.cctor () (at Library/PackageCache/com.unity.probuilder@4.5.0/Editor/EditorCore/HierarchyListener.cs:21)
System.Runtime.CompilerServices.RuntimeHelpers:RunClassConstructor (System.RuntimeTypeHandle)
UnityEditor.EditorAssemblies:ProcessInitializeOnLoadAttributes (System.Type[])

[Library/PackageCache/com.unity.probuilder@4.5.0/Editor/EditorCore/EditorUtility.cs line 593]

Invoked RoslynAnalysisRunner static constructor.
RoslynAnalysisRunner will not be running.
RoslynAnalysisRunner has terminated.
Mono: successfully reloaded assembly
- Completed reload, in  0.765 seconds
Platform modules already initialized, skipping
Refreshing native plugins compatible for Editor in 0.40 ms, found 1 plugins.
Preloading 0 native plugins for Editor in 0.00 ms.
Unloading 2179 Unused Serialized files (Serialized files now loaded: 0)
System memory in use before: 102.7 MB.
System memory in use after: 102.7 MB.

Unloading 13 unused Assets to reduce memory usage. Loaded Objects now: 2713.
Total: 2.169900 ms (FindLiveObjects: 0.209400 ms CreateObjectMapping: 0.055800 ms MarkObjects: 1.786800 ms  DeleteObjects: 0.117200 ms)

========================================================================
Received Prepare
Registering precompiled user dll's ...
Registered in 0.000909 seconds.
Begin MonoManager ReloadAssembly
Native extension for WindowsStandalone target not found
Refreshing native plugins compatible for Editor in 0.40 ms, found 1 plugins.
Preloading 0 native plugins for Editor in 0.00 ms.
Warning: Annotation not found!
UnityEngine.StackTraceUtility:ExtractStackTrace ()
UnityEditor.ProBuilder.EditorUtility:SetGizmoIconEnabled (System.Type,bool) (at Library/PackageCache/com.unity.probuilder@4.5.0/Editor/EditorCore/EditorUtility.cs:593)
UnityEditor.ProBuilder.HierarchyListener:.cctor () (at Library/PackageCache/com.unity.probuilder@4.5.0/Editor/EditorCore/HierarchyListener.cs:21)
System.Runtime.CompilerServices.RuntimeHelpers:RunClassConstructor (System.RuntimeTypeHandle)
UnityEditor.EditorAssemblies:ProcessInitializeOnLoadAttributes (System.Type[])

[Library/PackageCache/com.unity.probuilder@4.5.0/Editor/EditorCore/EditorUtility.cs line 593]

Invoked RoslynAnalysisRunner static constructor.
RoslynAnalysisRunner will not be running.
RoslynAnalysisRunner has terminated.
Mono: successfully reloaded assembly
- Completed reload, in  0.754 seconds
Platform modules already initialized, skipping
Refreshing native plugins compatible for Editor in 0.37 ms, found 1 plugins.
Preloading 0 native plugins for Editor in 0.00 ms.
Unloading 2179 Unused Serialized files (Serialized files now loaded: 0)
System memory in use before: 102.8 MB.
System memory in use after: 102.8 MB.

Unloading 13 unused Assets to reduce memory usage. Loaded Objects now: 2717.
Total: 2.105900 ms (FindLiveObjects: 0.231300 ms CreateObjectMapping: 0.056000 ms MarkObjects: 1.702200 ms  DeleteObjects: 0.115200 ms)

========================================================================
Received Prepare
Registering precompiled user dll's ...
Registered in 0.000968 seconds.
Begin MonoManager ReloadAssembly
Native extension for WindowsStandalone target not found
Refreshing native plugins compatible for Editor in 0.39 ms, found 1 plugins.
Preloading 0 native plugins for Editor in 0.00 ms.
Warning: Annotation not found!
UnityEngine.StackTraceUtility:ExtractStackTrace ()
UnityEditor.ProBuilder.EditorUtility:SetGizmoIconEnabled (System.Type,bool) (at Library/PackageCache/com.unity.probuilder@4.5.0/Editor/EditorCore/EditorUtility.cs:593)
UnityEditor.ProBuilder.HierarchyListener:.cctor () (at Library/PackageCache/com.unity.probuilder@4.5.0/Editor/EditorCore/HierarchyListener.cs:21)
System.Runtime.CompilerServices.RuntimeHelpers:RunClassConstructor (System.RuntimeTypeHandle)
UnityEditor.EditorAssemblies:ProcessInitializeOnLoadAttributes (System.Type[])

[Library/PackageCache/com.unity.probuilder@4.5.0/Editor/EditorCore/EditorUtility.cs line 593]

Invoked RoslynAnalysisRunner static constructor.
RoslynAnalysisRunner will not be running.
RoslynAnalysisRunner has terminated.
Mono: successfully reloaded assembly
- Completed reload, in  0.772 seconds
Platform modules already initialized, skipping
Refreshing native plugins compatible for Editor in 0.37 ms, found 1 plugins.
Preloading 0 native plugins for Editor in 0.00 ms.
Unloading 2179 Unused Serialized files (Serialized files now loaded: 0)
System memory in use before: 102.8 MB.
System memory in use after: 102.8 MB.

Unloading 13 unused Assets to reduce memory usage. Loaded Objects now: 2721.
Total: 2.647800 ms (FindLiveObjects: 0.221300 ms CreateObjectMapping: 0.056100 ms MarkObjects: 2.239400 ms  DeleteObjects: 0.129800 ms)

========================================================================
Received Prepare
Registering precompiled user dll's ...
Registered in 0.000873 seconds.
Begin MonoManager ReloadAssembly
Native extension for WindowsStandalone target not found
Refreshing native plugins compatible for Editor in 0.38 ms, found 1 plugins.
Preloading 0 native plugins for Editor in 0.00 ms.
Warning: Annotation not found!
UnityEngine.StackTraceUtility:ExtractStackTrace ()
UnityEditor.ProBuilder.EditorUtility:SetGizmoIconEnabled (System.Type,bool) (at Library/PackageCache/com.unity.probuilder@4.5.0/Editor/EditorCore/EditorUtility.cs:593)
UnityEditor.ProBuilder.HierarchyListener:.cctor () (at Library/PackageCache/com.unity.probuilder@4.5.0/Editor/EditorCore/HierarchyListener.cs:21)
System.Runtime.CompilerServices.RuntimeHelpers:RunClassConstructor (System.RuntimeTypeHandle)
UnityEditor.EditorAssemblies:ProcessInitializeOnLoadAttributes (System.Type[])

[Library/PackageCache/com.unity.probuilder@4.5.0/Editor/EditorCore/EditorUtility.cs line 593]

Invoked RoslynAnalysisRunner static constructor.
RoslynAnalysisRunner will not be running.
RoslynAnalysisRunner has terminated.
Mono: successfully reloaded assembly
- Completed reload, in  0.780 seconds
Platform modules already initialized, skipping
Refreshing native plugins compatible for Editor in 0.37 ms, found 1 plugins.
Preloading 0 native plugins for Editor in 0.00 ms.
Unloading 2179 Unused Serialized files (Serialized files now loaded: 0)
System memory in use before: 102.8 MB.
System memory in use after: 102.9 MB.

Unloading 13 unused Assets to reduce memory usage. Loaded Objects now: 2725.
Total: 2.101800 ms (FindLiveObjects: 0.248500 ms CreateObjectMapping: 0.060200 ms MarkObjects: 1.678700 ms  DeleteObjects: 0.113400 ms)

========================================================================
Received Prepare
Registering precompiled user dll's ...
Registered in 0.001264 seconds.
Begin MonoManager ReloadAssembly
Native extension for WindowsStandalone target not found
Refreshing native plugins compatible for Editor in 0.38 ms, found 1 plugins.
Preloading 0 native plugins for Editor in 0.00 ms.
Warning: Annotation not found!
UnityEngine.StackTraceUtility:ExtractStackTrace ()
UnityEditor.ProBuilder.EditorUtility:SetGizmoIconEnabled (System.Type,bool) (at Library/PackageCache/com.unity.probuilder@4.5.0/Editor/EditorCore/EditorUtility.cs:593)
UnityEditor.ProBuilder.HierarchyListener:.cctor () (at Library/PackageCache/com.unity.probuilder@4.5.0/Editor/EditorCore/HierarchyListener.cs:21)
System.Runtime.CompilerServices.RuntimeHelpers:RunClassConstructor (System.RuntimeTypeHandle)
UnityEditor.EditorAssemblies:ProcessInitializeOnLoadAttributes (System.Type[])

[Library/PackageCache/com.unity.probuilder@4.5.0/Editor/EditorCore/EditorUtility.cs line 593]

Invoked RoslynAnalysisRunner static constructor.
RoslynAnalysisRunner will not be running.
RoslynAnalysisRunner has terminated.
Mono: successfully reloaded assembly
- Completed reload, in  0.788 seconds
Platform modules already initialized, skipping
Refreshing native plugins compatible for Editor in 0.37 ms, found 1 plugins.
Preloading 0 native plugins for Editor in 0.00 ms.
Unloading 2179 Unused Serialized files (Serialized files now loaded: 0)
System memory in use before: 102.9 MB.
System memory in use after: 102.9 MB.

Unloading 13 unused Assets to reduce memory usage. Loaded Objects now: 2729.
Total: 2.143400 ms (FindLiveObjects: 0.226900 ms CreateObjectMapping: 0.058900 ms MarkObjects: 1.744000 ms  DeleteObjects: 0.112700 ms)

========================================================================
Received Prepare
Registering precompiled user dll's ...
Registered in 0.000903 seconds.
Begin MonoManager ReloadAssembly
Native extension for WindowsStandalone target not found
Refreshing native plugins compatible for Editor in 0.38 ms, found 1 plugins.
Preloading 0 native plugins for Editor in 0.00 ms.
Warning: Annotation not found!
UnityEngine.StackTraceUtility:ExtractStackTrace ()
UnityEditor.ProBuilder.EditorUtility:SetGizmoIconEnabled (System.Type,bool) (at Library/PackageCache/com.unity.probuilder@4.5.0/Editor/EditorCore/EditorUtility.cs:593)
UnityEditor.ProBuilder.HierarchyListener:.cctor () (at Library/PackageCache/com.unity.probuilder@4.5.0/Editor/EditorCore/HierarchyListener.cs:21)
System.Runtime.CompilerServices.RuntimeHelpers:RunClassConstructor (System.RuntimeTypeHandle)
UnityEditor.EditorAssemblies:ProcessInitializeOnLoadAttributes (System.Type[])

[Library/PackageCache/com.unity.probuilder@4.5.0/Editor/EditorCore/EditorUtility.cs line 593]

Invoked RoslynAnalysisRunner static constructor.
RoslynAnalysisRunner will not be running.
RoslynAnalysisRunner has terminated.
Mono: successfully reloaded assembly
- Completed reload, in  0.770 seconds
Platform modules already initialized, skipping
Refreshing native plugins compatible for Editor in 0.55 ms, found 1 plugins.
Preloading 0 native plugins for Editor in 0.00 ms.
Unloading 2179 Unused Serialized files (Serialized files now loaded: 0)
System memory in use before: 102.9 MB.
System memory in use after: 102.9 MB.

Unloading 13 unused Assets to reduce memory usage. Loaded Objects now: 2733.
Total: 2.073300 ms (FindLiveObjects: 0.229900 ms CreateObjectMapping: 0.051800 ms MarkObjects: 1.674500 ms  DeleteObjects: 0.116200 ms)

========================================================================
Received Prepare
Registering precompiled user dll's ...
Registered in 0.000971 seconds.
Begin MonoManager ReloadAssembly
Native extension for WindowsStandalone target not found
Refreshing native plugins compatible for Editor in 0.38 ms, found 1 plugins.
Preloading 0 native plugins for Editor in 0.00 ms.
Warning: Annotation not found!
UnityEngine.StackTraceUtility:ExtractStackTrace ()
UnityEditor.ProBuilder.EditorUtility:SetGizmoIconEnabled (System.Type,bool) (at Library/PackageCache/com.unity.probuilder@4.5.0/Editor/EditorCore/EditorUtility.cs:593)
UnityEditor.ProBuilder.HierarchyListener:.cctor () (at Library/PackageCache/com.unity.probuilder@4.5.0/Editor/EditorCore/HierarchyListener.cs:21)
System.Runtime.CompilerServices.RuntimeHelpers:RunClassConstructor (System.RuntimeTypeHandle)
UnityEditor.EditorAssemblies:ProcessInitializeOnLoadAttributes (System.Type[])

[Library/PackageCache/com.unity.probuilder@4.5.0/Editor/EditorCore/EditorUtility.cs line 593]

Invoked RoslynAnalysisRunner static constructor.
RoslynAnalysisRunner will not be running.
RoslynAnalysisRunner has terminated.
Mono: successfully reloaded assembly
- Completed reload, in  0.778 seconds
Platform modules already initialized, skipping
Refreshing native plugins compatible for Editor in 0.38 ms, found 1 plugins.
Preloading 0 native plugins for Editor in 0.00 ms.
Unloading 2179 Unused Serialized files (Serialized files now loaded: 0)
System memory in use before: 102.9 MB.
System memory in use after: 102.9 MB.

Unloading 13 unused Assets to reduce memory usage. Loaded Objects now: 2737.
Total: 2.304400 ms (FindLiveObjects: 0.224400 ms CreateObjectMapping: 0.048800 ms MarkObjects: 1.911000 ms  DeleteObjects: 0.119100 ms)

========================================================================
Received Prepare
Registering precompiled user dll's ...
Registered in 0.000896 seconds.
Begin MonoManager ReloadAssembly
Native extension for WindowsStandalone target not found
Refreshing native plugins compatible for Editor in 0.39 ms, found 1 plugins.
Preloading 0 native plugins for Editor in 0.00 ms.
Warning: Annotation not found!
UnityEngine.StackTraceUtility:ExtractStackTrace ()
UnityEditor.ProBuilder.EditorUtility:SetGizmoIconEnabled (System.Type,bool) (at Library/PackageCache/com.unity.probuilder@4.5.0/Editor/EditorCore/EditorUtility.cs:593)
UnityEditor.ProBuilder.HierarchyListener:.cctor () (at Library/PackageCache/com.unity.probuilder@4.5.0/Editor/EditorCore/HierarchyListener.cs:21)
System.Runtime.CompilerServices.RuntimeHelpers:RunClassConstructor (System.RuntimeTypeHandle)
UnityEditor.EditorAssemblies:ProcessInitializeOnLoadAttributes (System.Type[])

[Library/PackageCache/com.unity.probuilder@4.5.0/Editor/EditorCore/EditorUtility.cs line 593]

Invoked RoslynAnalysisRunner static constructor.
RoslynAnalysisRunner will not be running.
RoslynAnalysisRunner has terminated.
Mono: successfully reloaded assembly
- Completed reload, in  0.751 seconds
Platform modules already initialized, skipping
Refreshing native plugins compatible for Editor in 0.38 ms, found 1 plugins.
Preloading 0 native plugins for Editor in 0.00 ms.
Unloading 2179 Unused Serialized files (Serialized files now loaded: 0)
System memory in use before: 102.9 MB.
System memory in use after: 102.9 MB.

Unloading 13 unused Assets to reduce memory usage. Loaded Objects now: 2741.
Total: 2.213600 ms (FindLiveObjects: 0.207900 ms CreateObjectMapping: 0.061200 ms MarkObjects: 1.827700 ms  DeleteObjects: 0.115800 ms)

========================================================================
Received Prepare
Registering precompiled user dll's ...
Registered in 0.000926 seconds.
Begin MonoManager ReloadAssembly
Native extension for WindowsStandalone target not found
Refreshing native plugins compatible for Editor in 0.39 ms, found 1 plugins.
Preloading 0 native plugins for Editor in 0.00 ms.
Warning: Annotation not found!
UnityEngine.StackTraceUtility:ExtractStackTrace ()
UnityEditor.ProBuilder.EditorUtility:SetGizmoIconEnabled (System.Type,bool) (at Library/PackageCache/com.unity.probuilder@4.5.0/Editor/EditorCore/EditorUtility.cs:593)
UnityEditor.ProBuilder.HierarchyListener:.cctor () (at Library/PackageCache/com.unity.probuilder@4.5.0/Editor/EditorCore/HierarchyListener.cs:21)
System.Runtime.CompilerServices.RuntimeHelpers:RunClassConstructor (System.RuntimeTypeHandle)
UnityEditor.EditorAssemblies:ProcessInitializeOnLoadAttributes (System.Type[])

[Library/PackageCache/com.unity.probuilder@4.5.0/Editor/EditorCore/EditorUtility.cs line 593]

Invoked RoslynAnalysisRunner static constructor.
RoslynAnalysisRunner will not be running.
RoslynAnalysisRunner has terminated.
Mono: successfully reloaded assembly
- Completed reload, in  0.774 seconds
Platform modules already initialized, skipping
Refreshing native plugins compatible for Editor in 0.39 ms, found 1 plugins.
Preloading 0 native plugins for Editor in 0.00 ms.
Unloading 2179 Unused Serialized files (Serialized files now loaded: 0)
System memory in use before: 102.9 MB.
System memory in use after: 102.9 MB.

Unloading 13 unused Assets to reduce memory usage. Loaded Objects now: 2745.
Total: 2.211500 ms (FindLiveObjects: 0.261200 ms CreateObjectMapping: 0.055400 ms MarkObjects: 1.766000 ms  DeleteObjects: 0.128100 ms)

========================================================================
Received Prepare
Registering precompiled user dll's ...
Registered in 0.001266 seconds.
Begin MonoManager ReloadAssembly
Native extension for WindowsStandalone target not found
Refreshing native plugins compatible for Editor in 0.49 ms, found 1 plugins.
Preloading 0 native plugins for Editor in 0.00 ms.
Warning: Annotation not found!
UnityEngine.StackTraceUtility:ExtractStackTrace ()
UnityEditor.ProBuilder.EditorUtility:SetGizmoIconEnabled (System.Type,bool) (at Library/PackageCache/com.unity.probuilder@4.5.0/Editor/EditorCore/EditorUtility.cs:593)
UnityEditor.ProBuilder.HierarchyListener:.cctor () (at Library/PackageCache/com.unity.probuilder@4.5.0/Editor/EditorCore/HierarchyListener.cs:21)
System.Runtime.CompilerServices.RuntimeHelpers:RunClassConstructor (System.RuntimeTypeHandle)
UnityEditor.EditorAssemblies:ProcessInitializeOnLoadAttributes (System.Type[])

[Library/PackageCache/com.unity.probuilder@4.5.0/Editor/EditorCore/EditorUtility.cs line 593]

Invoked RoslynAnalysisRunner static constructor.
RoslynAnalysisRunner will not be running.
RoslynAnalysisRunner has terminated.
Mono: successfully reloaded assembly
- Completed reload, in  0.824 seconds
Platform modules already initialized, skipping
Refreshing native plugins compatible for Editor in 0.45 ms, found 1 plugins.
Preloading 0 native plugins for Editor in 0.00 ms.
Unloading 2179 Unused Serialized files (Serialized files now loaded: 0)
System memory in use before: 102.9 MB.
System memory in use after: 102.9 MB.

Unloading 13 unused Assets to reduce memory usage. Loaded Objects now: 2749.
Total: 3.326200 ms (FindLiveObjects: 0.321200 ms CreateObjectMapping: 0.092600 ms MarkObjects: 2.766500 ms  DeleteObjects: 0.144800 ms)

========================================================================
Received Prepare
Registering precompiled user dll's ...
Registered in 0.000968 seconds.
Begin MonoManager ReloadAssembly
Native extension for WindowsStandalone target not found
Refreshing native plugins compatible for Editor in 0.38 ms, found 1 plugins.
Preloading 0 native plugins for Editor in 0.00 ms.
Warning: Annotation not found!
UnityEngine.StackTraceUtility:ExtractStackTrace ()
UnityEditor.ProBuilder.EditorUtility:SetGizmoIconEnabled (System.Type,bool) (at Library/PackageCache/com.unity.probuilder@4.5.0/Editor/EditorCore/EditorUtility.cs:593)
UnityEditor.ProBuilder.HierarchyListener:.cctor () (at Library/PackageCache/com.unity.probuilder@4.5.0/Editor/EditorCore/HierarchyListener.cs:21)
System.Runtime.CompilerServices.RuntimeHelpers:RunClassConstructor (System.RuntimeTypeHandle)
UnityEditor.EditorAssemblies:ProcessInitializeOnLoadAttributes (System.Type[])

[Library/PackageCache/com.unity.probuilder@4.5.0/Editor/EditorCore/EditorUtility.cs line 593]

Invoked RoslynAnalysisRunner static constructor.
RoslynAnalysisRunner will not be running.
RoslynAnalysisRunner has terminated.
Mono: successfully reloaded assembly
- Completed reload, in  0.830 seconds
Platform modules already initialized, skipping
Refreshing native plugins compatible for Editor in 0.56 ms, found 1 plugins.
Preloading 0 native plugins for Editor in 0.00 ms.
Unloading 2179 Unused Serialized files (Serialized files now loaded: 0)
System memory in use before: 102.9 MB.
System memory in use after: 102.9 MB.

Unloading 13 unused Assets to reduce memory usage. Loaded Objects now: 2753.
Total: 2.379900 ms (FindLiveObjects: 0.377800 ms CreateObjectMapping: 0.074800 ms MarkObjects: 1.798300 ms  DeleteObjects: 0.127800 ms)

========================================================================
Received Prepare
Registering precompiled user dll's ...
Registered in 0.000979 seconds.
Begin MonoManager ReloadAssembly
Native extension for WindowsStandalone target not found
Refreshing native plugins compatible for Editor in 0.37 ms, found 1 plugins.
Preloading 0 native plugins for Editor in 0.00 ms.
Warning: Annotation not found!
UnityEngine.StackTraceUtility:ExtractStackTrace ()
UnityEditor.ProBuilder.EditorUtility:SetGizmoIconEnabled (System.Type,bool) (at Library/PackageCache/com.unity.probuilder@4.5.0/Editor/EditorCore/EditorUtility.cs:593)
UnityEditor.ProBuilder.HierarchyListener:.cctor () (at Library/PackageCache/com.unity.probuilder@4.5.0/Editor/EditorCore/HierarchyListener.cs:21)
System.Runtime.CompilerServices.RuntimeHelpers:RunClassConstructor (System.RuntimeTypeHandle)
UnityEditor.EditorAssemblies:ProcessInitializeOnLoadAttributes (System.Type[])

[Library/PackageCache/com.unity.probuilder@4.5.0/Editor/EditorCore/EditorUtility.cs line 593]

Invoked RoslynAnalysisRunner static constructor.
RoslynAnalysisRunner will not be running.
RoslynAnalysisRunner has terminated.
Mono: successfully reloaded assembly
- Completed reload, in  0.814 seconds
Platform modules already initialized, skipping
Refreshing native plugins compatible for Editor in 0.55 ms, found 1 plugins.
Preloading 0 native plugins for Editor in 0.00 ms.
Unloading 2179 Unused Serialized files (Serialized files now loaded: 0)
System memory in use before: 102.9 MB.
System memory in use after: 102.9 MB.

Unloading 13 unused Assets to reduce memory usage. Loaded Objects now: 2757.
Total: 3.437600 ms (FindLiveObjects: 0.348000 ms CreateObjectMapping: 0.072400 ms MarkObjects: 2.882100 ms  DeleteObjects: 0.133600 ms)

========================================================================
Received Prepare
Registering precompiled user dll's ...
Registered in 0.000907 seconds.
Begin MonoManager ReloadAssembly
Native extension for WindowsStandalone target not found
Refreshing native plugins compatible for Editor in 0.40 ms, found 1 plugins.
Preloading 0 native plugins for Editor in 0.00 ms.
Warning: Annotation not found!
UnityEngine.StackTraceUtility:ExtractStackTrace ()
UnityEditor.ProBuilder.EditorUtility:SetGizmoIconEnabled (System.Type,bool) (at Library/PackageCache/com.unity.probuilder@4.5.0/Editor/EditorCore/EditorUtility.cs:593)
UnityEditor.ProBuilder.HierarchyListener:.cctor () (at Library/PackageCache/com.unity.probuilder@4.5.0/Editor/EditorCore/HierarchyListener.cs:21)
System.Runtime.CompilerServices.RuntimeHelpers:RunClassConstructor (System.RuntimeTypeHandle)
UnityEditor.EditorAssemblies:ProcessInitializeOnLoadAttributes (System.Type[])

[Library/PackageCache/com.unity.probuilder@4.5.0/Editor/EditorCore/EditorUtility.cs line 593]

Invoked RoslynAnalysisRunner static constructor.
RoslynAnalysisRunner will not be running.
RoslynAnalysisRunner has terminated.
Mono: successfully reloaded assembly
- Completed reload, in  0.816 seconds
Platform modules already initialized, skipping
Refreshing native plugins compatible for Editor in 0.38 ms, found 1 plugins.
Preloading 0 native plugins for Editor in 0.00 ms.
Unloading 2179 Unused Serialized files (Serialized files now loaded: 0)
System memory in use before: 102.9 MB.
System memory in use after: 103.0 MB.

Unloading 13 unused Assets to reduce memory usage. Loaded Objects now: 2761.
Total: 2.293700 ms (FindLiveObjects: 0.246200 ms CreateObjectMapping: 0.061100 ms MarkObjects: 1.848600 ms  DeleteObjects: 0.136700 ms)

========================================================================
Received Prepare
Registering precompiled user dll's ...
Registered in 0.001013 seconds.
Begin MonoManager ReloadAssembly
Native extension for WindowsStandalone target not found
Refreshing native plugins compatible for Editor in 0.43 ms, found 1 plugins.
Preloading 0 native plugins for Editor in 0.00 ms.
Warning: Annotation not found!
UnityEngine.StackTraceUtility:ExtractStackTrace ()
UnityEditor.ProBuilder.EditorUtility:SetGizmoIconEnabled (System.Type,bool) (at Library/PackageCache/com.unity.probuilder@4.5.0/Editor/EditorCore/EditorUtility.cs:593)
UnityEditor.ProBuilder.HierarchyListener:.cctor () (at Library/PackageCache/com.unity.probuilder@4.5.0/Editor/EditorCore/HierarchyListener.cs:21)
System.Runtime.CompilerServices.RuntimeHelpers:RunClassConstructor (System.RuntimeTypeHandle)
UnityEditor.EditorAssemblies:ProcessInitializeOnLoadAttributes (System.Type[])

[Library/PackageCache/com.unity.probuilder@4.5.0/Editor/EditorCore/EditorUtility.cs line 593]

Invoked RoslynAnalysisRunner static constructor.
RoslynAnalysisRunner will not be running.
RoslynAnalysisRunner has terminated.
Mono: successfully reloaded assembly
- Completed reload, in  0.896 seconds
Platform modules already initialized, skipping
Refreshing native plugins compatible for Editor in 0.41 ms, found 1 plugins.
Preloading 0 native plugins for Editor in 0.00 ms.
Unloading 2179 Unused Serialized files (Serialized files now loaded: 0)
System memory in use before: 102.9 MB.
System memory in use after: 103.0 MB.

Unloading 13 unused Assets to reduce memory usage. Loaded Objects now: 2765.
Total: 2.252200 ms (FindLiveObjects: 0.260000 ms CreateObjectMapping: 0.054200 ms MarkObjects: 1.813200 ms  DeleteObjects: 0.123700 ms)

========================================================================
Received Import Request.
  Time since last request: 1920.505227 seconds.
  path: Packages/com.unity.ext.nunit/net35/unity-custom
  artifactKey: Guid(2347243c7aa3e224f9282dc94e6fc3b2) Importer(815301076,1909f56bfc062723c751e8b465ee728b)
Start importing Packages/com.unity.ext.nunit/net35/unity-custom using Guid(2347243c7aa3e224f9282dc94e6fc3b2) Importer(815301076,1909f56bfc062723c751e8b465ee728b)  -> (artifact id: '3a95474cb9b2e5ca3f6bd0a21d75fe76') in 0.006124 seconds
  Import took 0.009762 seconds .

========================================================================
Received Import Request.
  Time since last request: 0.005937 seconds.
  path: Packages/com.unity.ext.nunit/net35/unity-custom
  artifactKey: Guid(2347243c7aa3e224f9282dc94e6fc3b2) Importer(815301076,1909f56bfc062723c751e8b465ee728b)
Start importing Packages/com.unity.ext.nunit/net35/unity-custom using Guid(2347243c7aa3e224f9282dc94e6fc3b2) Importer(815301076,1909f56bfc062723c751e8b465ee728b)  -> (artifact id: '3a95474cb9b2e5ca3f6bd0a21d75fe76') in 0.002813 seconds
  Import took 0.005959 seconds .

AssetImportWorkerClient::OnTransportError - code=2 error=End of file
